<?xml version="1.0" encoding="UTF-8"?>
<testng-results ignored="2" total="3" passed="1" failed="0" skipped="0">
  <reporter-output>
  </reporter-output>
  <suite started-at="2023-04-16T14:44:46 IST" name="Default suite" finished-at="2023-04-16T14:45:09 IST" duration-ms="23251">
    <groups>
    </groups>
    <test started-at="2023-04-16T14:44:46 IST" name="Default test" finished-at="2023-04-16T14:45:09 IST" duration-ms="23251">
      <class name="com.ebay.qa.testcases.loginePageTest">
        <test-method is-config="true" signature="setup()[pri:0, instance:com.ebay.qa.testcases.loginePageTest@4e5ed836]" started-at="2023-04-16T14:44:46 IST" name="setup" finished-at="2023-04-16T14:44:51 IST" duration-ms="5030" status="PASS">
          <reporter-output>
          </reporter-output>
        </test-method> <!-- setup -->
        <test-method signature="uname()[pri:2, instance:com.ebay.qa.testcases.loginePageTest@4e5ed836]" started-at="2023-04-16T14:44:51 IST" name="uname" finished-at="2023-04-16T14:45:09 IST" duration-ms="17805" status="PASS">
          <reporter-output>
          </reporter-output>
        </test-method> <!-- uname -->
        <test-method is-config="true" signature="Teardown()[pri:0, instance:com.ebay.qa.testcases.loginePageTest@4e5ed836]" started-at="2023-04-16T14:45:09 IST" name="Teardown" finished-at="2023-04-16T14:45:09 IST" duration-ms="350" status="PASS">
          <reporter-output>
          </reporter-output>
        </test-method> <!-- Teardown -->
      </class> <!-- com.ebay.qa.testcases.loginePageTest -->
    </test> <!-- Default test -->
  </suite> <!-- Default suite -->
</testng-results>
