<?xml version="1.0" encoding="UTF-8"?>
<!-- Generated by org.testng.reporters.JUnitXMLReporter -->
<testsuite ignored="2" hostname="MSI" failures="0" tests="1" name="Default test" time="23.251" errors="0" timestamp="2023-04-16T14:45:09 IST">
  <testcase classname="com.ebay.qa.testcases.loginePageTest" name="uname" time="17.805"/>
  <testcase classname="com.ebay.qa.testcases.loginePageTest" name="checklogologin" time="0.0">
    <ignored/>
  </testcase> <!-- checklogologin -->
  <testcase classname="com.ebay.qa.testcases.loginePageTest" name="passlogo" time="0.0">
    <ignored/>
  </testcase> <!-- passlogo -->
</testsuite> <!-- Default test -->
